<?xml version="1.0" encoding="UTF-8"?>
<!-- Generated by org.testng.reporters.JUnitReportReporter -->
<testsuite hostname="DESKTOP-O7V7EB1" failures="0" tests="1" name="automateAPITest.GetUserListTest" time="2.764" errors="0" timestamp="2025-02-25T22:56:30 IST" skipped="0">
  <testcase classname="automateAPITest.GetUserListTest" name="getUserList" time="2.764"/>
</testsuite> <!-- automateAPITest.GetUserListTest -->
