<?xml version="1.0" encoding="UTF-8"?>
<!-- Generated by org.testng.reporters.JUnitReportReporter -->
<testsuite hostname="DESKTOP-O7V7EB1" failures="0" tests="2" name="automateAPITest.CreateUserTest" time="3.644" errors="0" timestamp="2025-02-25T23:13:37 IST" skipped="0">
  <testcase classname="automateAPITest.CreateUserTest" name="createUser" time="3.008"/>
  <testcase classname="automateAPITest.CreateUserTest" name="updateUser" time="0.636"/>
</testsuite> <!-- automateAPITest.CreateUserTest -->
